2023-08-08 19:49:53.6956  test
2023-08-08 19:49:53.7265 (AsyncETTaskMethodBuilder.cs:116) 当前线程 1 读取长度 4096
2023-08-08 19:49:53.7265 (AsyncETTaskMethodBuilder.cs:116) 当前线程 1 读取长度 4096
2023-08-08 19:49:53.7265 (AsyncETTaskMethodBuilder.cs:116) 当前线程 1 读取长度 4096
2023-08-08 19:50:00.6316  Begin context handling
2023-08-08 19:50:00.6316  当前线程 1 读取长度 4096
2023-08-08 19:50:00.6316  当前线程 1 读取长度 4096
2023-08-08 19:50:00.6316  End context handling
2023-08-08 19:50:02.8345  Begin context handling
2023-08-08 19:50:02.8345  当前线程 1 读取长度 4096
2023-08-08 19:50:02.8345  End context handling
2023-08-08 19:50:04.1763  Begin context handling
2023-08-08 19:50:04.1763  当前线程 1 读取长度 4096
2023-08-08 19:50:04.1763  End context handling
2023-08-08 19:50:04.9170  Begin context handling
2023-08-08 19:50:04.9170  当前线程 1 读取长度 4096
2023-08-08 19:50:04.9170  End context handling
2023-08-08 19:50:05.5736  Begin context handling
2023-08-08 19:50:05.5736  当前线程 1 读取长度 4096
2023-08-08 19:50:05.5736  End context handling
2023-08-08 19:50:06.3345  Begin context handling
2023-08-08 19:50:06.3345  当前线程 1 读取长度 4096
2023-08-08 19:50:06.3345  End context handling
2023-08-08 19:50:06.9622  Begin context handling
2023-08-08 19:50:06.9622  当前线程 1 读取长度 4096
2023-08-08 19:50:06.9622  End context handling
2023-08-08 19:50:07.5565  Begin context handling
2023-08-08 19:50:07.5565  当前线程 1 读取长度 4096
2023-08-08 19:50:07.5565  End context handling
2023-08-08 19:50:08.1817  Begin context handling
2023-08-08 19:50:08.1817  当前线程 1 读取长度 4096
2023-08-08 19:50:08.1817  End context handling
2023-08-08 19:50:08.7785  Begin context handling
2023-08-08 19:50:08.7785  当前线程 1 读取长度 4096
2023-08-08 19:50:08.7785  End context handling
2023-08-08 19:50:09.3948  Begin context handling
2023-08-08 19:50:09.3948  当前线程 1 读取长度 4096
2023-08-08 19:50:09.3948  End context handling
2023-08-08 19:50:10.0110  Begin context handling
2023-08-08 19:50:10.0110  当前线程 1 读取长度 4096
2023-08-08 19:50:10.0110  End context handling
2023-08-08 19:50:10.8418  Begin context handling
2023-08-08 19:50:10.8418  当前线程 1 读取长度 4096
2023-08-08 19:50:10.8418  End context handling
2023-08-08 19:50:11.6293  Begin context handling
2023-08-08 19:50:11.6293  当前线程 1 读取长度 4096
2023-08-08 19:50:11.6293  End context handling
2023-08-08 19:50:13.0508  Begin context handling
2023-08-08 19:50:13.0508  当前线程 1 读取长度 4096
2023-08-08 19:50:13.0508  End context handling
2023-08-08 19:50:14.3530  Begin context handling
2023-08-08 19:50:14.3530  当前线程 1 读取长度 4096
2023-08-08 19:50:14.3530  End context handling
2023-08-08 19:50:14.8191  Begin context handling
2023-08-08 19:50:14.8191  当前线程 1 读取长度 4096
2023-08-08 19:50:14.8191  End context handling
2023-08-08 19:50:15.2645  Begin context handling
2023-08-08 19:50:15.2645  当前线程 1 读取长度 4096
2023-08-08 19:50:15.2645  End context handling
2023-08-08 19:50:15.6849  Begin context handling
2023-08-08 19:50:15.6849  当前线程 1 读取长度 4096
2023-08-08 19:50:15.6849  End context handling
2023-08-08 19:50:16.0606  Begin context handling
2023-08-08 19:50:16.0606  当前线程 1 读取长度 4096
2023-08-08 19:50:16.0606  End context handling
2023-08-08 19:50:16.4210  Begin context handling
2023-08-08 19:50:16.4210  当前线程 1 读取长度 4096
2023-08-08 19:50:16.4210  End context handling
2023-08-08 19:50:16.7585  Begin context handling
2023-08-08 19:50:16.7585  当前线程 1 读取长度 4096
2023-08-08 19:50:16.7585  End context handling
2023-08-08 19:50:17.0981  Begin context handling
2023-08-08 19:50:17.0981  当前线程 1 读取长度 4096
2023-08-08 19:50:17.0981  End context handling
2023-08-08 19:50:17.4487  Begin context handling
2023-08-08 19:50:17.4487  当前线程 1 读取长度 4096
2023-08-08 19:50:17.4487  End context handling
2023-08-08 19:50:17.8294  Begin context handling
2023-08-08 19:50:17.8294  当前线程 1 读取长度 4096
2023-08-08 19:50:17.8294  End context handling
2023-08-08 19:50:18.2152  Begin context handling
2023-08-08 19:50:18.2152  当前线程 1 读取长度 4096
2023-08-08 19:50:18.2152  End context handling
2023-08-08 19:50:18.6105  Begin context handling
2023-08-08 19:50:18.6105  当前线程 1 读取长度 4096
2023-08-08 19:50:18.6105  End context handling
2023-08-08 19:50:18.9504  Begin context handling
2023-08-08 19:50:18.9504  当前线程 1 读取长度 4096
2023-08-08 19:50:18.9504  End context handling
2023-08-08 19:50:19.2915  Begin context handling
2023-08-08 19:50:19.2915  当前线程 1 读取长度 4096
2023-08-08 19:50:19.2915  End context handling
2023-08-08 19:50:19.6419  Begin context handling
2023-08-08 19:50:19.6419  当前线程 1 读取长度 4096
2023-08-08 19:50:19.6419  End context handling
2023-08-08 19:50:19.9783  Begin context handling
2023-08-08 19:50:19.9783  当前线程 1 读取长度 4096
2023-08-08 19:50:19.9783  End context handling
2023-08-08 19:50:20.2689  Begin context handling
2023-08-08 19:50:20.2689  当前线程 1 读取长度 4096
2023-08-08 19:50:20.2689  End context handling
2023-08-08 19:50:20.5859  Begin context handling
2023-08-08 19:50:20.5859 (ThreadSynchronizationContext.cs:36) 当前线程 1 读取长度 4096
2023-08-08 19:50:20.5859  End context handling
2023-08-08 19:50:20.8894  Begin context handling
2023-08-08 19:50:20.8894 (ThreadSynchronizationContext.cs:36) 当前线程 1 读取长度 4096
2023-08-08 19:50:20.8894  End context handling
2023-08-08 19:50:21.2002  Begin context handling
2023-08-08 19:50:21.2002 (ThreadSynchronizationContext.cs:36) 当前线程 1 读取长度 4096
2023-08-08 19:50:21.2002  End context handling
2023-08-08 19:50:21.5606  Begin context handling
2023-08-08 19:50:21.5606 (ThreadSynchronizationContext.cs:36) 当前线程 1 读取长度 4096
2023-08-08 19:50:21.5606  End context handling
2023-08-08 19:50:22.1219  Begin context handling
2023-08-08 19:50:22.1219 (ThreadSynchronizationContext.cs:36) 当前线程 1 读取长度 4096
2023-08-08 19:50:22.1219  End context handling
2023-08-08 19:50:22.6376  Begin context handling
2023-08-08 19:50:22.6376 (ThreadSynchronizationContext.cs:36) 当前线程 1 读取长度 4096
2023-08-08 19:50:22.6376  End context handling
2023-08-08 19:50:23.1034  Begin context handling
2023-08-08 19:50:23.1034 (ThreadSynchronizationContext.cs:36) 当前线程 1 读取长度 4096
2023-08-08 19:50:23.1034  End context handling
2023-08-08 19:50:23.5192  Begin context handling
2023-08-08 19:50:23.5192 (ThreadSynchronizationContext.cs:36) 当前线程 1 读取长度 4096
2023-08-08 19:50:23.5192  End context handling
2023-08-08 19:50:23.9550  Begin context handling
2023-08-08 19:50:23.9550 (ThreadSynchronizationContext.cs:36) 当前线程 1 读取长度 4096
2023-08-08 19:50:23.9550  End context handling
2023-08-08 19:50:24.4207  Begin context handling
2023-08-08 19:50:24.4207 (ThreadSynchronizationContext.cs:36) 当前线程 1 读取长度 4096
2023-08-08 19:50:24.4207  End context handling
2023-08-08 19:50:24.8870  Begin context handling
2023-08-08 19:50:24.8870 (ThreadSynchronizationContext.cs:36) 当前线程 1 读取长度 4096
2023-08-08 19:50:24.8870  End context handling
2023-08-08 19:50:25.5477  Begin context handling
2023-08-08 19:50:25.5477 (ThreadSynchronizationContext.cs:36) 当前线程 1 读取长度 4096
2023-08-08 19:50:25.5477  End context handling
2023-08-08 19:50:25.9031  Begin context handling
2023-08-08 19:50:25.9031 (ThreadSynchronizationContext.cs:36) 当前线程 1 读取长度 4096
2023-08-08 19:50:25.9031  End context handling
2023-08-08 19:50:26.4189  Begin context handling
2023-08-08 19:50:26.4189 (ThreadSynchronizationContext.cs:36) 当前线程 1 读取长度 4096
2023-08-08 19:50:26.4189  End context handling
2023-08-08 19:50:26.7550  Begin context handling
2023-08-08 19:50:26.7550 (ThreadSynchronizationContext.cs:36) 当前线程 1 读取长度 4096
2023-08-08 19:50:26.7550  End context handling
2023-08-08 19:50:26.9203  Begin context handling
2023-08-08 19:50:26.9203 (ThreadSynchronizationContext.cs:36) 当前线程 1 读取长度 4096
2023-08-08 19:50:26.9203  End context handling
2023-08-08 19:50:27.0695  Begin context handling
2023-08-08 19:50:27.0695 (ThreadSynchronizationContext.cs:36) 当前线程 1 读取长度 4096
2023-08-08 19:50:27.0695  End context handling
2023-08-08 19:50:27.2151  Begin context handling
2023-08-08 19:50:27.2151 (ThreadSynchronizationContext.cs:36) 当前线程 1 读取长度 4096
2023-08-08 19:50:27.2151  End context handling
2023-08-08 19:50:27.6320  Begin context handling
2023-08-08 19:50:27.6320 (ThreadSynchronizationContext.cs:36) 当前线程 1 读取长度 4096
2023-08-08 19:50:27.6320  End context handling
2023-08-08 19:50:27.7873  Begin context handling
2023-08-08 19:50:27.7873 (ThreadSynchronizationContext.cs:36) 当前线程 1 读取长度 4096
2023-08-08 19:50:27.7873  End context handling
2023-08-08 19:50:27.9869  Begin context handling
2023-08-08 19:50:27.9869 (ThreadSynchronizationContext.cs:36) 当前线程 1 读取长度 4096
2023-08-08 19:50:27.9869  End context handling
2023-08-08 19:50:28.0924  Begin context handling
2023-08-08 19:50:28.0924 (ThreadSynchronizationContext.cs:36) 当前线程 1 读取长度 4096
2023-08-08 19:50:28.0924  End context handling
2023-08-08 19:50:28.1922  Begin context handling
2023-08-08 19:50:28.1922 (ThreadSynchronizationContext.cs:36) 当前线程 1 读取长度 4096
2023-08-08 19:50:28.1922  End context handling
2023-08-08 19:50:28.2985  Begin context handling
2023-08-08 19:50:28.2985 (ThreadSynchronizationContext.cs:36) 当前线程 1 读取长度 4096
2023-08-08 19:50:28.2985  End context handling
2023-08-08 19:50:28.4025  Begin context handling
2023-08-08 19:50:28.4025 (ThreadSynchronizationContext.cs:36) 当前线程 1 读取长度 4096
2023-08-08 19:50:28.4025  End context handling
2023-08-08 19:50:28.7242  Begin context handling
2023-08-08 19:50:28.7242 (ThreadSynchronizationContext.cs:36) 当前线程 1 读取长度 4096
2023-08-08 19:50:28.7242  End context handling
2023-08-08 19:50:28.8881  Begin context handling
2023-08-08 19:50:28.8881 (ThreadSynchronizationContext.cs:36) 当前线程 1 读取长度 4096
2023-08-08 19:50:28.8881  End context handling
2023-08-08 19:50:29.4039  Begin context handling
2023-08-08 19:50:29.4039 (ThreadSynchronizationContext.cs:36) 当前线程 1 读取长度 4096
2023-08-08 19:50:29.4039  End context handling
2023-08-08 19:50:29.5848  Begin context handling
2023-08-08 19:50:29.5848 (ThreadSynchronizationContext.cs:36) 当前线程 1 读取长度 4096
2023-08-08 19:50:29.5848  End context handling
2023-08-08 19:50:29.7499  Begin context handling
2023-08-08 19:50:29.7499 (ThreadSynchronizationContext.cs:36) 当前线程 1 读取长度 4096
2023-08-08 19:50:29.7506  End context handling
2023-08-08 19:50:30.0596  Begin context handling
2023-08-08 19:50:30.0596 (ThreadSynchronizationContext.cs:36) 当前线程 1 读取长度 4096
2023-08-08 19:50:30.0596  End context handling
2023-08-08 19:50:30.3695  Begin context handling
2023-08-08 19:50:30.3695 (ThreadSynchronizationContext.cs:36) 当前线程 1 读取长度 4096
2023-08-08 19:50:30.3695  End context handling
2023-08-08 19:50:30.5030  Begin context handling
2023-08-08 19:50:30.5030 (ThreadSynchronizationContext.cs:36) 当前线程 1 读取长度 4096
2023-08-08 19:50:30.5030  End context handling
2023-08-08 19:50:30.7118  Begin context handling
2023-08-08 19:50:30.7118 (ThreadSynchronizationContext.cs:36) 当前线程 1 读取长度 4096
2023-08-08 19:50:30.7118  End context handling
2023-08-08 19:50:30.8965  Begin context handling
2023-08-08 19:50:30.8965 (ThreadSynchronizationContext.cs:36) 当前线程 1 读取长度 4096
2023-08-08 19:50:30.8965  End context handling
2023-08-08 19:50:31.1765  Begin context handling
2023-08-08 19:50:31.1765 (ThreadSynchronizationContext.cs:36) 当前线程 1 读取长度 4096
2023-08-08 19:50:31.1765  End context handling
2023-08-08 19:50:31.3035  Begin context handling
2023-08-08 19:50:31.3035 (ThreadSynchronizationContext.cs:36) 当前线程 1 读取长度 4096
2023-08-08 19:50:31.3035  End context handling
2023-08-08 19:50:31.4285  Begin context handling
2023-08-08 19:50:31.4285 (ThreadSynchronizationContext.cs:36) 当前线程 1 读取长度 4096
2023-08-08 19:50:31.4285  End context handling
2023-08-08 19:50:31.5128  Begin context handling
2023-08-08 19:50:31.5128 (ThreadSynchronizationContext.cs:36) 当前线程 1 读取长度 4096
2023-08-08 19:50:31.5128  End context handling
2023-08-08 19:50:31.6291  Begin context handling
2023-08-08 19:50:31.6291 (ThreadSynchronizationContext.cs:36) 当前线程 1 读取长度 4096
2023-08-08 19:50:31.6291  End context handling
2023-08-08 19:50:31.7279  Begin context handling
2023-08-08 19:50:31.7279 (ThreadSynchronizationContext.cs:36) 当前线程 1 读取长度 4096
2023-08-08 19:50:31.7279  End context handling
2023-08-08 19:50:31.8376  Begin context handling
2023-08-08 19:50:31.8376 (ThreadSynchronizationContext.cs:36) 当前线程 1 读取长度 4096
2023-08-08 19:50:31.8376  End context handling
2023-08-08 19:50:31.9586  Begin context handling
2023-08-08 19:50:31.9586 (ThreadSynchronizationContext.cs:36) 当前线程 1 读取长度 4096
2023-08-08 19:50:31.9586  End context handling
2023-08-08 19:50:32.0582  Begin context handling
2023-08-08 19:50:32.0582 (ThreadSynchronizationContext.cs:36) 当前线程 1 读取长度 4096
2023-08-08 19:50:32.0582  End context handling
2023-08-08 19:50:32.9494  Begin context handling
2023-08-08 19:50:32.9494 (ThreadSynchronizationContext.cs:36) 当前线程 1 读取长度 4096
2023-08-08 19:50:32.9494  End context handling
2023-08-08 19:50:33.2100  Begin context handling
2023-08-08 19:50:33.2100 (ThreadSynchronizationContext.cs:36) 当前线程 1 读取长度 4096
2023-08-08 19:50:33.2100  End context handling
2023-08-08 19:50:33.4653  Begin context handling
2023-08-08 19:50:33.4653 (ThreadSynchronizationContext.cs:36) 当前线程 1 读取长度 4096
2023-08-08 19:50:33.4653  End context handling
2023-08-08 19:50:33.8907  Begin context handling
2023-08-08 19:50:33.8907 (ThreadSynchronizationContext.cs:36) 当前线程 1 读取长度 4096
2023-08-08 19:50:33.8907  End context handling
2023-08-08 19:50:34.0716  Begin context handling
2023-08-08 19:50:34.0716 (ThreadSynchronizationContext.cs:36) 当前线程 1 读取长度 4096
2023-08-08 19:50:34.0716  End context handling
2023-08-08 19:50:34.1768  Begin context handling
2023-08-08 19:50:34.1768 (ThreadSynchronizationContext.cs:36) 当前线程 1 读取长度 4096
2023-08-08 19:50:34.1768  End context handling
2023-08-08 19:50:34.3173  Begin context handling
2023-08-08 19:50:34.3173 (ThreadSynchronizationContext.cs:36) 当前线程 1 读取长度 4096
2023-08-08 19:50:34.3173  End context handling
2023-08-08 19:50:34.4229  Begin context handling
2023-08-08 19:50:34.4229 (ThreadSynchronizationContext.cs:36) 当前线程 1 读取长度 4096
2023-08-08 19:50:34.4229  End context handling
2023-08-08 19:50:40.8630  Begin context handling
2023-08-08 19:50:40.8630 (ThreadSynchronizationContext.cs:36) 当前线程 1 读取长度 4096
2023-08-08 19:50:40.8630  End context handling
2023-08-08 19:50:41.1878  Begin context handling
2023-08-08 19:50:41.1883 (ThreadSynchronizationContext.cs:36) 当前线程 1 读取长度 4096
2023-08-08 19:50:41.1883  End context handling
2023-08-08 19:50:41.4975  Begin context handling
2023-08-08 19:50:41.4975 (ThreadSynchronizationContext.cs:36) 当前线程 1 读取长度 4096
2023-08-08 19:50:41.4975  End context handling
2023-08-08 19:50:41.6605  Begin context handling
2023-08-08 19:50:41.6605 (ThreadSynchronizationContext.cs:36) 当前线程 1 读取长度 4096
2023-08-08 19:50:41.6605  End context handling
2023-08-08 19:50:41.8395  Begin context handling
2023-08-08 19:50:41.8395 (ThreadSynchronizationContext.cs:36) 当前线程 1 读取长度 4096
2023-08-08 19:50:41.8395  End context handling
2023-08-08 19:50:41.9896  Begin context handling
2023-08-08 19:50:41.9896 (ThreadSynchronizationContext.cs:36) 当前线程 1 读取长度 4096
2023-08-08 19:50:41.9896  End context handling
2023-08-08 19:50:42.1947  Begin context handling
2023-08-08 19:50:42.1947 (ThreadSynchronizationContext.cs:36) 当前线程 1 读取长度 4096
2023-08-08 19:50:42.1947  End context handling
2023-08-08 19:50:42.3699  Begin context handling
2023-08-08 19:50:42.3699 (ThreadSynchronizationContext.cs:36) 当前线程 1 读取长度 4096
2023-08-08 19:50:42.3699  End context handling
2023-08-08 19:50:42.5413  Begin context handling
2023-08-08 19:50:42.5413 (ThreadSynchronizationContext.cs:36) 当前线程 1 读取长度 4096
2023-08-08 19:50:42.5413  End context handling
2023-08-08 19:50:42.7109  Begin context handling
2023-08-08 19:50:42.7109 (ThreadSynchronizationContext.cs:36) 当前线程 1 读取长度 4096
2023-08-08 19:50:42.7109  End context handling
2023-08-08 19:50:42.9736  Begin context handling
2023-08-08 19:50:42.9736 (ThreadSynchronizationContext.cs:36) 当前线程 1 读取长度 4096
2023-08-08 19:50:42.9736  End context handling
2023-08-08 19:50:43.1569  Begin context handling
2023-08-08 19:50:43.1569 (ThreadSynchronizationContext.cs:36) 当前线程 1 读取长度 4096
2023-08-08 19:50:43.1569  End context handling
2023-08-08 19:50:43.2975  Begin context handling
2023-08-08 19:50:43.2975 (ThreadSynchronizationContext.cs:36) 当前线程 1 读取长度 4096
2023-08-08 19:50:43.2975  End context handling
2023-08-08 19:50:43.6274  Begin context handling
2023-08-08 19:50:43.6274 (ThreadSynchronizationContext.cs:36) 当前线程 1 读取长度 4096
2023-08-08 19:50:43.6274  End context handling
2023-08-08 19:50:43.8278  Begin context handling
2023-08-08 19:50:43.8278 (ThreadSynchronizationContext.cs:36) 当前线程 1 读取长度 4096
2023-08-08 19:50:43.8278  End context handling
2023-08-08 19:50:43.9885  Begin context handling
2023-08-08 19:50:43.9885 (ThreadSynchronizationContext.cs:36) 当前线程 1 读取长度 4096
2023-08-08 19:50:43.9885  End context handling
2023-08-08 19:50:44.1582  Begin context handling
2023-08-08 19:50:44.1582 (ThreadSynchronizationContext.cs:36) 当前线程 1 读取长度 4096
2023-08-08 19:50:44.1582  End context handling
2023-08-08 19:50:44.8049  Begin context handling
2023-08-08 19:50:44.8049 (ThreadSynchronizationContext.cs:36) 当前线程 1 读取长度 4096
2023-08-08 19:50:44.8049  End context handling
2023-08-08 19:50:44.9896  Begin context handling
2023-08-08 19:50:44.9896 (ThreadSynchronizationContext.cs:36) 当前线程 1 读取长度 4096
2023-08-08 19:50:44.9896  End context handling
2023-08-08 19:50:45.1280  Begin context handling
2023-08-08 19:50:45.1280 (ThreadSynchronizationContext.cs:36) 当前线程 1 读取长度 4096
2023-08-08 19:50:45.1280  End context handling
2023-08-08 19:50:45.3514  Begin context handling
2023-08-08 19:50:45.3514 (ThreadSynchronizationContext.cs:36) 当前线程 1 读取长度 4096
2023-08-08 19:50:45.3514  End context handling
2023-08-08 19:50:45.4758  Begin context handling
2023-08-08 19:50:45.4758 (ThreadSynchronizationContext.cs:36) 当前线程 1 读取长度 4096
2023-08-08 19:50:45.4758  End context handling
2023-08-08 19:50:45.6364  Begin context handling
2023-08-08 19:50:45.6364 (ThreadSynchronizationContext.cs:36) 当前线程 1 读取长度 4096
2023-08-08 19:50:45.6364  End context handling
2023-08-08 19:50:45.7954  Begin context handling
2023-08-08 19:50:45.7954 (ThreadSynchronizationContext.cs:36) 当前线程 1 读取长度 4096
2023-08-08 19:50:45.7954  End context handling
2023-08-08 19:50:45.9354  Begin context handling
2023-08-08 19:50:45.9354 (ThreadSynchronizationContext.cs:36) 当前线程 1 读取长度 4096
2023-08-08 19:50:45.9354  End context handling
2023-08-08 19:50:46.1818  Begin context handling
2023-08-08 19:50:46.1818 (ThreadSynchronizationContext.cs:36) 当前线程 1 读取长度 4096
2023-08-08 19:50:46.1818  End context handling
2023-08-08 19:50:46.3373  Begin context handling
2023-08-08 19:50:46.3373 (ThreadSynchronizationContext.cs:36) 当前线程 1 读取长度 4096
2023-08-08 19:50:46.3373  End context handling
2023-08-08 19:50:46.4624  Begin context handling
2023-08-08 19:50:46.4624 (ThreadSynchronizationContext.cs:36) 当前线程 1 读取长度 4096
2023-08-08 19:50:46.4624  End context handling
2023-08-08 19:50:46.7127  Begin context handling
2023-08-08 19:50:46.7127 (ThreadSynchronizationContext.cs:36) 当前线程 1 读取长度 4096
2023-08-08 19:50:46.7127  End context handling
2023-08-08 19:50:46.8795  Begin context handling
2023-08-08 19:50:46.8795 (ThreadSynchronizationContext.cs:36) 当前线程 1 读取长度 4096
2023-08-08 19:50:46.8795  End context handling
2023-08-08 19:50:47.0677  Begin context handling
2023-08-08 19:50:47.0677 (ThreadSynchronizationContext.cs:36) 当前线程 1 读取长度 4096
2023-08-08 19:50:47.0677  End context handling
2023-08-08 19:50:47.2239  Begin context handling
2023-08-08 19:50:47.2239 (ThreadSynchronizationContext.cs:36) 当前线程 1 读取长度 4096
2023-08-08 19:50:47.2239  End context handling
2023-08-08 19:50:47.5446  Begin context handling
2023-08-08 19:50:47.5446 (ThreadSynchronizationContext.cs:36) 当前线程 1 读取长度 4096
2023-08-08 19:50:47.5446  End context handling
2023-08-08 19:50:47.8394  Begin context handling
2023-08-08 19:50:47.8394 (ThreadSynchronizationContext.cs:36) 当前线程 1 读取长度 4096
2023-08-08 19:50:47.8394  End context handling
2023-08-08 19:50:48.1141  Begin context handling
2023-08-08 19:50:48.1141 (ThreadSynchronizationContext.cs:36) 当前线程 1 读取长度 4096
2023-08-08 19:50:48.1141  End context handling
2023-08-08 19:50:48.3546  Begin context handling
2023-08-08 19:50:48.3546 (ThreadSynchronizationContext.cs:36) 当前线程 1 读取长度 4096
2023-08-08 19:50:48.3546  End context handling
2023-08-08 19:50:48.5863  Begin context handling
2023-08-08 19:50:48.5863 (ThreadSynchronizationContext.cs:36) 当前线程 1 读取长度 4096
2023-08-08 19:50:48.5863  End context handling
2023-08-08 19:50:48.8205  Begin context handling
2023-08-08 19:50:48.8205 (ThreadSynchronizationContext.cs:36) 当前线程 1 读取长度 4096
2023-08-08 19:50:48.8205  End context handling
2023-08-08 19:50:48.9559  Begin context handling
2023-08-08 19:50:48.9559 (ThreadSynchronizationContext.cs:36) 当前线程 1 读取长度 4096
2023-08-08 19:50:48.9559  End context handling
2023-08-08 19:50:49.1929  Begin context handling
2023-08-08 19:50:49.1929 (ThreadSynchronizationContext.cs:36) 当前线程 1 读取长度 4096
2023-08-08 19:50:49.1929  End context handling
2023-08-08 19:50:49.6573  Begin context handling
2023-08-08 19:50:49.6573 (ThreadSynchronizationContext.cs:36) 当前线程 1 读取长度 4096
2023-08-08 19:50:49.6573  End context handling
2023-08-08 19:50:49.8634  Begin context handling
2023-08-08 19:50:49.8634 (ThreadSynchronizationContext.cs:36) 当前线程 1 读取长度 4096
2023-08-08 19:50:49.8634  End context handling
2023-08-08 19:50:50.0183  Begin context handling
2023-08-08 19:50:50.0183 (ThreadSynchronizationContext.cs:36) 当前线程 1 读取长度 4096
2023-08-08 19:50:50.0183  End context handling
2023-08-08 19:50:50.1782  Begin context handling
2023-08-08 19:50:50.1782 (ThreadSynchronizationContext.cs:36) 当前线程 1 读取长度 4096
2023-08-08 19:50:50.1782  End context handling
2023-08-08 19:50:50.3287  Begin context handling
2023-08-08 19:50:50.3287 (ThreadSynchronizationContext.cs:36) 当前线程 1 读取长度 4096
2023-08-08 19:50:50.3287  End context handling
2023-08-08 19:50:50.6636  Begin context handling
2023-08-08 19:50:50.6636 (ThreadSynchronizationContext.cs:36) 当前线程 1 读取长度 4096
2023-08-08 19:50:50.6636  End context handling
2023-08-08 19:50:50.8203  Begin context handling
2023-08-08 19:50:50.8203 (ThreadSynchronizationContext.cs:36) 当前线程 1 读取长度 4096
2023-08-08 19:50:50.8203  End context handling
2023-08-08 19:50:50.9692  Begin context handling
2023-08-08 19:50:50.9692 (ThreadSynchronizationContext.cs:36) 当前线程 1 读取长度 4096
2023-08-08 19:50:50.9692  End context handling
2023-08-08 19:50:51.5862  Begin context handling
2023-08-08 19:50:51.5862 (ThreadSynchronizationContext.cs:36) 当前线程 1 读取长度 4096
2023-08-08 19:50:51.5862  End context handling
2023-08-08 19:50:51.7505  Begin context handling
2023-08-08 19:50:51.7509 (ThreadSynchronizationContext.cs:36) 当前线程 1 读取长度 4096
2023-08-08 19:50:51.7509  End context handling
2023-08-08 19:50:51.8915  Begin context handling
2023-08-08 19:50:51.8915 (ThreadSynchronizationContext.cs:36) 当前线程 1 读取长度 4096
2023-08-08 19:50:51.8915  End context handling
2023-08-08 19:50:52.0316  Begin context handling
2023-08-08 19:50:52.0316 (ThreadSynchronizationContext.cs:36) 当前线程 1 读取长度 4096
2023-08-08 19:50:52.0316  End context handling
2023-08-08 19:50:52.2719  Begin context handling
2023-08-08 19:50:52.2719 (ThreadSynchronizationContext.cs:36) 当前线程 1 读取长度 4096
2023-08-08 19:50:52.2719  End context handling
2023-08-08 19:50:52.4471  Begin context handling
2023-08-08 19:50:52.4471 (ThreadSynchronizationContext.cs:36) 当前线程 1 读取长度 4096
2023-08-08 19:50:52.4471  End context handling
2023-08-08 19:50:52.6392  Begin context handling
2023-08-08 19:50:52.6392 (ThreadSynchronizationContext.cs:36) 当前线程 1 读取长度 4096
2023-08-08 19:50:52.6392  End context handling
2023-08-08 19:50:52.7668  Begin context handling
2023-08-08 19:50:52.7668 (ThreadSynchronizationContext.cs:36) 当前线程 1 读取长度 4096
2023-08-08 19:50:52.7668  End context handling
2023-08-08 19:50:52.9791  Begin context handling
2023-08-08 19:50:52.9791 (ThreadSynchronizationContext.cs:36) 当前线程 1 读取长度 4096
2023-08-08 19:50:52.9791  End context handling
2023-08-08 19:50:53.3994  Begin context handling
2023-08-08 19:50:53.3994 (ThreadSynchronizationContext.cs:36) 当前线程 1 读取长度 4096
2023-08-08 19:50:53.3994  End context handling
2023-08-08 19:57:22.7276  test
2023-08-08 19:57:22.7608 (AsyncETTaskMethodBuilder.cs:116) 当前线程 1 读取长度 4096
2023-08-08 19:57:22.7608 (AsyncETTaskMethodBuilder.cs:116) 当前线程 1 读取长度 4096
2023-08-08 19:57:22.7608  当前线程 9 读取长度 4096
2023-08-08 19:57:22.7608  当前线程 10 读取长度 4096
2023-08-08 19:57:22.7608  当前线程 10 读取长度 4096
2023-08-08 19:57:22.7666  当前线程 10 读取长度 4096
2023-08-08 19:57:22.7666  当前线程 10 读取长度 4096
2023-08-08 19:57:22.7666  当前线程 10 读取长度 4096
2023-08-08 19:57:22.7666  当前线程 10 读取长度 4096
2023-08-08 19:57:22.7666  当前线程 10 读取长度 4096
2023-08-08 19:57:22.7666  当前线程 10 读取长度 4096
2023-08-08 19:57:22.7666  当前线程 10 读取长度 4096
2023-08-08 19:57:22.7666  当前线程 10 读取长度 4096
2023-08-08 19:57:22.7666  当前线程 10 读取长度 4096
2023-08-08 19:57:22.7666  当前线程 10 读取长度 4096
2023-08-08 19:57:22.7666  当前线程 10 读取长度 4096
2023-08-08 19:57:22.7666  当前线程 10 读取长度 4096
2023-08-08 19:57:22.7666  当前线程 9 读取长度 4096
2023-08-08 19:57:22.7666  当前线程 9 读取长度 4096
2023-08-08 19:57:22.7666  当前线程 9 读取长度 3200
2023-08-08 19:57:22.7666  当前线程 8 读取长度 0
2023-08-08 19:57:22.7666  当前线程 8 AwaitTask
2023-08-08 19:57:22.7666  Continue末 线程:8
2023-08-08 19:57:43.9432  Begin context handling
2023-08-08 19:57:43.9432  End context handling
