2023-08-08 23:08:59.2043  test
2023-08-08 23:09:00.4836  Begin context handling
2023-08-08 23:09:00.4836  End context handling
2023-08-08 23:09:01.4855  Begin context handling
2023-08-08 23:09:01.4855  End context handling
2023-08-08 23:09:02.3102  Begin context handling
2023-08-08 23:09:02.3102  End context handling
2023-08-08 23:09:02.9624  Begin context handling
2023-08-08 23:09:02.9624  End context handling
2023-08-08 23:09:03.5639  Begin context handling
2023-08-08 23:09:03.5639  End context handling
2023-08-08 23:09:04.1001  Begin context handling
2023-08-08 23:09:04.1001  End context handling
2023-08-08 23:09:04.6552  Begin context handling
2023-08-08 23:09:04.6552  End context handling
2023-08-08 23:09:05.2212  Begin context handling
2023-08-08 23:09:05.2212  End context handling
2023-08-08 23:09:05.7469  Begin context handling
2023-08-08 23:09:05.7469  End context handling
2023-08-08 23:09:06.2884  Begin context handling
2023-08-08 23:09:06.2884  End context handling
2023-08-08 23:09:06.8503  Begin context handling
2023-08-08 23:09:06.8503  End context handling
2023-08-08 23:09:07.4252  Begin context handling
2023-08-08 23:09:07.4252  End context handling
2023-08-08 23:09:07.9812  Begin context handling
2023-08-08 23:09:07.9812  End context handling
2023-08-08 23:09:08.5420  Begin context handling
2023-08-08 23:09:08.5420  End context handling
2023-08-08 23:09:09.0736  Begin context handling
2023-08-08 23:09:09.0736  End context handling
2023-08-08 23:09:09.5950  Begin context handling
2023-08-08 23:09:09.5950  End context handling
2023-08-08 23:09:10.0902  Begin context handling
2023-08-08 23:09:10.0902  End context handling
2023-08-08 23:09:10.6261  Begin context handling
2023-08-08 23:09:10.6261  End context handling
2023-08-08 23:09:11.2381  Begin context handling
2023-08-08 23:09:11.2381  End context handling
2023-08-08 23:09:18.7513  Begin context handling
2023-08-08 23:09:18.7513  End context handling
2023-08-08 23:09:20.5356  Begin context handling
2023-08-08 23:09:20.5356  End context handling
2023-08-08 23:10:00.2179  test
2023-08-08 23:10:01.4616  Begin context handling
2023-08-08 23:10:01.4616  End context handling
2023-08-08 23:10:02.3527  Begin context handling
2023-08-08 23:10:02.3527  End context handling
2023-08-08 23:10:03.2346  Begin context handling
2023-08-08 23:10:03.2346  计时器回调 Continue末 线程:1
2023-08-08 23:10:03.2346  End context handling
2023-08-08 23:10:04.0562  Begin context handling
2023-08-08 23:10:04.0562  End context handling
2023-08-08 23:10:04.8072  Begin context handling
2023-08-08 23:10:04.8072  End context handling
2023-08-08 23:10:19.3900  Begin context handling
2023-08-08 23:10:19.3900  End context handling
2023-08-08 23:11:34.9810  test
2023-08-08 23:11:35.6496  Begin context handling
2023-08-08 23:11:35.6496 (Program.cs:46) Delta time 673
2023-08-08 23:11:35.6496  End context handling
2023-08-08 23:11:36.0671  Begin context handling
2023-08-08 23:11:36.0671 (Program.cs:46) Delta time 1090
2023-08-08 23:11:36.0671  End context handling
2023-08-08 23:11:36.5619  Begin context handling
2023-08-08 23:11:36.5619 (Program.cs:46) Delta time 1585
2023-08-08 23:11:36.5619  End context handling
2023-08-08 23:11:37.0372  Begin context handling
2023-08-08 23:11:37.0372 (Program.cs:46) Delta time 2060
2023-08-08 23:11:37.0372  计时器回调 Continue末 线程:1
2023-08-08 23:11:37.0372  End context handling
2023-08-08 23:11:37.7190  Begin context handling
2023-08-08 23:11:37.7190  End context handling
2023-08-08 23:11:38.1560  Begin context handling
2023-08-08 23:11:38.1560  End context handling
2023-08-08 23:11:38.6510  Begin context handling
2023-08-08 23:11:38.6510  End context handling
2023-08-08 23:11:39.1418  Begin context handling
2023-08-08 23:11:39.1418  End context handling
2023-08-08 23:12:27.0874  Begin context handling
2023-08-08 23:12:27.0874  End context handling
2023-08-08 23:12:27.4577  Begin context handling
2023-08-08 23:12:27.4577  End context handling
2023-08-08 23:12:27.9138  Begin context handling
2023-08-08 23:12:27.9138  End context handling
2023-08-08 23:12:34.1306  test
2023-08-08 23:12:35.2629  Begin context handling
2023-08-08 23:12:35.2629 (Program.cs:46) Delta time 1135
2023-08-08 23:12:35.2629  End context handling
2023-08-08 23:12:36.0787  Begin context handling
2023-08-08 23:12:36.0787 (Program.cs:46) Delta time 1950
2023-08-08 23:12:36.0787  End context handling
2023-08-08 23:12:36.7449  Begin context handling
2023-08-08 23:12:36.7449 (Program.cs:46) Delta time 2617
2023-08-08 23:12:36.7449  End context handling
2023-08-08 23:12:37.5665  Begin context handling
2023-08-08 23:12:37.5665 (Program.cs:46) Delta time 3438
2023-08-08 23:12:37.5665  End context handling
2023-08-08 23:12:38.3931  Begin context handling
2023-08-08 23:12:38.3931 (Program.cs:46) Delta time 4265
2023-08-08 23:12:38.3931  计时器回调 Continue末 线程:1
2023-08-08 23:12:38.3931  End context handling
2023-08-08 23:12:50.1363  test
2023-08-08 23:12:51.4360  Begin context handling
2023-08-08 23:12:51.4360 (Program.cs:46) Delta time 1303
2023-08-08 23:12:51.4360  End context handling
2023-08-08 23:12:52.3799  Begin context handling
2023-08-08 23:12:52.3799 (Program.cs:46) Delta time 2247
2023-08-08 23:12:52.3799  End context handling
2023-08-08 23:12:53.1949  Begin context handling
2023-08-08 23:12:53.1949 (Program.cs:46) Delta time 3062
2023-08-08 23:12:53.1949  End context handling
2023-08-08 23:12:53.8269  Begin context handling
2023-08-08 23:12:53.8269 (Program.cs:46) Delta time 3694
2023-08-08 23:12:53.8269  计时器回调 Continue末 线程:1
2023-08-08 23:12:53.8293  End context handling
2023-08-08 23:13:57.0407  test
2023-08-08 23:13:57.6226  Begin context handling
2023-08-08 23:13:57.6226 (Program.cs:47) Delta time 564
2023-08-08 23:13:57.6226  End context handling
2023-08-08 23:13:58.2432  Begin context handling
2023-08-08 23:13:58.2432 (Program.cs:47) Delta time 1184
2023-08-08 23:13:58.2432  End context handling
2023-08-08 23:13:58.8806  Begin context handling
2023-08-08 23:13:58.8806 (Program.cs:47) Delta time 1821
2023-08-08 23:13:58.8806  End context handling
2023-08-08 23:13:59.4998  Begin context handling
2023-08-08 23:13:59.5001 (Program.cs:47) Delta time 2440
2023-08-08 23:13:59.5001  End context handling
2023-08-08 23:14:00.0714  Begin context handling
2023-08-08 23:14:00.0714 (Program.cs:47) Delta time 3012
2023-08-08 23:14:00.0714  End context handling
2023-08-08 23:14:00.7075  Begin context handling
2023-08-08 23:14:00.7075 (Program.cs:47) Delta time 3648
2023-08-08 23:14:00.7075  计时器回调 Continue末 线程:1
2023-08-08 23:14:00.7075  End context handling
2023-08-08 23:15:08.7896  Begin context handling
2023-08-08 23:15:08.7896  End context handling
2023-08-08 23:15:13.8911  test
2023-08-08 23:15:14.6311  Begin context handling
2023-08-08 23:15:14.6311 (Program.cs:47) Delta time 720
2023-08-08 23:15:14.6311  End context handling
2023-08-08 23:15:15.2618  Begin context handling
2023-08-08 23:15:15.2618 (Program.cs:47) Delta time 631
2023-08-08 23:15:15.2618  End context handling
2023-08-08 23:15:15.7931  Begin context handling
2023-08-08 23:15:15.7931 (Program.cs:47) Delta time 531
2023-08-08 23:15:15.7931  End context handling
2023-08-08 23:15:16.4040  Begin context handling
2023-08-08 23:15:16.4040 (Program.cs:47) Delta time 611
2023-08-08 23:15:16.4040  End context handling
2023-08-08 23:15:16.9418  Begin context handling
2023-08-08 23:15:16.9418 (Program.cs:47) Delta time 537
2023-08-08 23:15:16.9418  End context handling
2023-08-08 23:15:17.5307  Begin context handling
2023-08-08 23:15:17.5307 (Program.cs:47) Delta time 589
2023-08-08 23:15:17.5307  End context handling
2023-08-08 23:15:17.9971  Begin context handling
2023-08-08 23:15:17.9971 (Program.cs:47) Delta time 467
2023-08-08 23:15:17.9971  End context handling
2023-08-08 23:15:18.5042  Begin context handling
2023-08-08 23:15:18.5042 (Program.cs:47) Delta time 507
2023-08-08 23:15:18.5042  End context handling
2023-08-08 23:15:18.9082  Begin context handling
2023-08-08 23:15:18.9082 (Program.cs:47) Delta time 404
2023-08-08 23:15:18.9082  End context handling
2023-08-08 23:15:19.3443  Begin context handling
2023-08-08 23:15:19.3443 (Program.cs:47) Delta time 436
2023-08-08 23:15:19.3443  End context handling
2023-08-08 23:15:19.8917  Begin context handling
2023-08-08 23:15:19.8917 (Program.cs:47) Delta time 547
2023-08-08 23:15:19.8917  End context handling
2023-08-08 23:15:20.3667  Begin context handling
2023-08-08 23:15:20.3667 (Program.cs:47) Delta time 475
2023-08-08 23:15:20.3667  End context handling
2023-08-08 23:15:20.8670  Begin context handling
2023-08-08 23:15:20.8670 (Program.cs:47) Delta time 501
2023-08-08 23:15:20.8670  End context handling
2023-08-08 23:15:21.3830  Begin context handling
2023-08-08 23:15:21.3830 (Program.cs:47) Delta time 516
2023-08-08 23:15:21.3830  End context handling
2023-08-08 23:15:21.8560  Begin context handling
2023-08-08 23:15:21.8560 (Program.cs:47) Delta time 473
2023-08-08 23:15:21.8560  End context handling
2023-08-08 23:15:22.2894  Begin context handling
2023-08-08 23:15:22.2894 (Program.cs:47) Delta time 433
2023-08-08 23:15:22.2894  End context handling
2023-08-08 23:15:22.7408  Begin context handling
2023-08-08 23:15:22.7408 (Program.cs:47) Delta time 451
2023-08-08 23:15:22.7408  End context handling
2023-08-08 23:15:23.1557  Begin context handling
2023-08-08 23:15:23.1557 (Program.cs:47) Delta time 415
2023-08-08 23:15:23.1557  End context handling
2023-08-08 23:15:23.6173  Begin context handling
2023-08-08 23:15:23.6173 (Program.cs:47) Delta time 462
2023-08-08 23:15:23.6173  End context handling
2023-08-08 23:15:24.1180  Begin context handling
2023-08-08 23:15:24.1180 (Program.cs:47) Delta time 501
2023-08-08 23:15:24.1180  计时器回调 Continue末 线程:1
2023-08-08 23:15:24.1180  End context handling
2023-08-08 23:16:08.2146  Begin context handling
2023-08-08 23:16:08.2146  End context handling
2023-08-08 23:16:08.3814  Begin context handling
2023-08-08 23:16:08.3814  End context handling
2023-08-08 23:16:08.6255  Begin context handling
2023-08-08 23:16:08.6255  End context handling
2023-08-08 23:16:08.7607  Begin context handling
2023-08-08 23:16:08.7607  End context handling
2023-08-08 23:16:20.9936  test
2023-08-08 23:16:23.0176  Begin context handling
2023-08-08 23:16:23.0176 (Program.cs:47) Delta time 2006
2023-08-08 23:16:23.0176  End context handling
2023-08-08 23:16:23.4745  Begin context handling
2023-08-08 23:16:23.4745 (Program.cs:47) Delta time 456
2023-08-08 23:16:23.4745  End context handling
2023-08-08 23:16:24.1979  Begin context handling
2023-08-08 23:16:24.1979 (Program.cs:47) Delta time 724
2023-08-08 23:16:24.1979  End context handling
2023-08-08 23:16:24.8600  Begin context handling
2023-08-08 23:16:24.8604 (Program.cs:47) Delta time 662
2023-08-08 23:16:24.8604  End context handling
2023-08-08 23:16:25.4869  Begin context handling
2023-08-08 23:16:25.4869 (Program.cs:47) Delta time 627
2023-08-08 23:16:25.4869  End context handling
2023-08-08 23:16:26.0776  Begin context handling
2023-08-08 23:16:26.0776 (Program.cs:47) Delta time 590
2023-08-08 23:16:26.0784  End context handling
2023-08-08 23:16:26.7182  Begin context handling
2023-08-08 23:16:26.7182 (Program.cs:47) Delta time 641
2023-08-08 23:16:26.7182  End context handling
2023-08-08 23:16:27.3196  Begin context handling
2023-08-08 23:16:27.3196 (Program.cs:47) Delta time 601
2023-08-08 23:16:27.3196  End context handling
2023-08-08 23:16:27.8452  Begin context handling
2023-08-08 23:16:27.8452 (Program.cs:47) Delta time 526
2023-08-08 23:16:27.8452  End context handling
2023-08-08 23:16:28.4062  Begin context handling
2023-08-08 23:16:28.4062 (Program.cs:47) Delta time 561
2023-08-08 23:16:28.4062  End context handling
2023-08-08 23:16:29.1782  Begin context handling
2023-08-08 23:16:29.1782 (Program.cs:47) Delta time 772
2023-08-08 23:16:29.1782  End context handling
2023-08-08 23:16:29.7180  Begin context handling
2023-08-08 23:16:29.7180 (Program.cs:47) Delta time 540
2023-08-08 23:16:29.7180  End context handling
2023-08-08 23:16:30.2341  Begin context handling
2023-08-08 23:16:30.2341 (Program.cs:47) Delta time 516
2023-08-08 23:16:30.2346  End context handling
2023-08-08 23:16:30.8708  Begin context handling
2023-08-08 23:16:30.8708 (Program.cs:47) Delta time 636
2023-08-08 23:16:30.8708  End context handling
2023-08-08 23:16:31.5016  Begin context handling
2023-08-08 23:16:31.5016 (Program.cs:47) Delta time 631
2023-08-08 23:16:31.5016  计时器回调 Continue末 线程:1
2023-08-08 23:16:31.5016  End context handling
2023-08-08 23:16:52.7138  test
2023-08-08 23:16:54.2443  Begin context handling
2023-08-08 23:16:54.2443 (Program.cs:47) Delta time 1509
2023-08-08 23:16:54.2443  End context handling
2023-08-08 23:16:54.8452  Begin context handling
2023-08-08 23:16:54.8452 (Program.cs:47) Delta time 601
2023-08-08 23:16:54.8452  End context handling
2023-08-08 23:16:55.1213  Begin context handling
2023-08-08 23:16:55.1213 (Program.cs:47) Delta time 276
2023-08-08 23:16:55.1213  End context handling
2023-08-08 23:16:55.3708  Begin context handling
2023-08-08 23:16:55.3708 (Program.cs:47) Delta time 249
2023-08-08 23:16:55.3708  End context handling
2023-08-08 23:16:55.6966  Begin context handling
2023-08-08 23:16:55.6966 (Program.cs:47) Delta time 326
2023-08-08 23:16:55.6966  End context handling
2023-08-08 23:16:55.9443  Begin context handling
2023-08-08 23:16:55.9443 (Program.cs:47) Delta time 248
2023-08-08 23:16:55.9443  End context handling
2023-08-08 23:16:56.1019  Begin context handling
2023-08-08 23:16:56.1019 (Program.cs:47) Delta time 158
2023-08-08 23:16:56.1019  End context handling
2023-08-08 23:16:56.3073  Begin context handling
2023-08-08 23:16:56.3073 (Program.cs:47) Delta time 205
2023-08-08 23:16:56.3073  End context handling
2023-08-08 23:16:56.5926  Begin context handling
2023-08-08 23:16:56.5926 (Program.cs:47) Delta time 285
2023-08-08 23:16:56.5926  End context handling
2023-08-08 23:16:56.8653  Begin context handling
2023-08-08 23:16:56.8653 (Program.cs:47) Delta time 273
2023-08-08 23:16:56.8653  End context handling
2023-08-08 23:16:57.0054  Begin context handling
2023-08-08 23:16:57.0054 (Program.cs:47) Delta time 140
2023-08-08 23:16:57.0054  End context handling
2023-08-08 23:16:57.1391  Begin context handling
2023-08-08 23:16:57.1391 (Program.cs:47) Delta time 134
2023-08-08 23:16:57.1391  End context handling
2023-08-08 23:16:57.4252  Begin context handling
2023-08-08 23:16:57.4252 (Program.cs:47) Delta time 286
2023-08-08 23:16:57.4252  End context handling
2023-08-08 23:16:57.6504  Begin context handling
2023-08-08 23:16:57.6504 (Program.cs:47) Delta time 225
2023-08-08 23:16:57.6504  End context handling
2023-08-08 23:16:57.8407  Begin context handling
2023-08-08 23:16:57.8407 (Program.cs:47) Delta time 190
2023-08-08 23:16:57.8407  End context handling
2023-08-08 23:16:58.0052  Begin context handling
2023-08-08 23:16:58.0052 (Program.cs:47) Delta time 165
2023-08-08 23:16:58.0052  End context handling
2023-08-08 23:16:58.2226  Begin context handling
2023-08-08 23:16:58.2226 (Program.cs:47) Delta time 217
2023-08-08 23:16:58.2226  End context handling
2023-08-08 23:16:58.4160  Begin context handling
2023-08-08 23:16:58.4160 (Program.cs:47) Delta time 194
2023-08-08 23:16:58.4160  End context handling
2023-08-08 23:16:58.5721  Begin context handling
2023-08-08 23:16:58.5721 (Program.cs:47) Delta time 156
2023-08-08 23:16:58.5721  End context handling
2023-08-08 23:16:58.7778  Begin context handling
2023-08-08 23:16:58.7778 (Program.cs:47) Delta time 205
2023-08-08 23:16:58.7778  End context handling
2023-08-08 23:16:58.9372  Begin context handling
2023-08-08 23:16:58.9372 (Program.cs:47) Delta time 160
2023-08-08 23:16:58.9372  End context handling
2023-08-08 23:16:59.1186  Begin context handling
2023-08-08 23:16:59.1186 (Program.cs:47) Delta time 181
2023-08-08 23:16:59.1186  End context handling
2023-08-08 23:16:59.2827  Begin context handling
2023-08-08 23:16:59.2827 (Program.cs:47) Delta time 164
2023-08-08 23:16:59.2827  End context handling
2023-08-08 23:16:59.4235  Begin context handling
2023-08-08 23:16:59.4235 (Program.cs:47) Delta time 141
2023-08-08 23:16:59.4235  End context handling
2023-08-08 23:16:59.5996  Begin context handling
2023-08-08 23:16:59.5996 (Program.cs:47) Delta time 176
2023-08-08 23:16:59.5996  End context handling
2023-08-08 23:16:59.8088  Begin context handling
2023-08-08 23:16:59.8088 (Program.cs:47) Delta time 209
2023-08-08 23:16:59.8088  End context handling
2023-08-08 23:17:00.0059  Begin context handling
2023-08-08 23:17:00.0059 (Program.cs:47) Delta time 198
2023-08-08 23:17:00.0059  End context handling
2023-08-08 23:17:00.1912  Begin context handling
2023-08-08 23:17:00.1912 (Program.cs:47) Delta time 185
2023-08-08 23:17:00.1912  End context handling
2023-08-08 23:17:00.4207  Begin context handling
2023-08-08 23:17:00.4207 (Program.cs:47) Delta time 229
2023-08-08 23:17:00.4207  End context handling
2023-08-08 23:17:00.6460  Begin context handling
2023-08-08 23:17:00.6460 (Program.cs:47) Delta time 226
2023-08-08 23:17:00.6460  End context handling
2023-08-08 23:17:00.8821  Begin context handling
2023-08-08 23:17:00.8821 (Program.cs:47) Delta time 236
2023-08-08 23:17:00.8821  End context handling
2023-08-08 23:17:01.0674  Begin context handling
2023-08-08 23:17:01.0674 (Program.cs:47) Delta time 185
2023-08-08 23:17:01.0674  End context handling
2023-08-08 23:17:01.2924  Begin context handling
2023-08-08 23:17:01.2924 (Program.cs:47) Delta time 225
2023-08-08 23:17:01.2924  End context handling
2023-08-08 23:17:01.4772  Begin context handling
2023-08-08 23:17:01.4772 (Program.cs:47) Delta time 185
2023-08-08 23:17:01.4772  End context handling
2023-08-08 23:17:01.6970  Begin context handling
2023-08-08 23:17:01.6970 (Program.cs:47) Delta time 220
2023-08-08 23:17:01.6970  End context handling
2023-08-08 23:17:01.9027  Begin context handling
2023-08-08 23:17:01.9027 (Program.cs:47) Delta time 205
2023-08-08 23:17:01.9027  End context handling
2023-08-08 23:17:02.0484  Begin context handling
2023-08-08 23:17:02.0484 (Program.cs:47) Delta time 146
2023-08-08 23:17:02.0484  End context handling
2023-08-08 23:17:02.2138  Begin context handling
2023-08-08 23:17:02.2138 (Program.cs:47) Delta time 165
2023-08-08 23:17:02.2138  End context handling
2023-08-08 23:17:02.3640  Begin context handling
2023-08-08 23:17:02.3640 (Program.cs:47) Delta time 151
2023-08-08 23:17:02.3640  End context handling
2023-08-08 23:17:02.5290  Begin context handling
2023-08-08 23:17:02.5290 (Program.cs:47) Delta time 165
2023-08-08 23:17:02.5290  End context handling
2023-08-08 23:17:02.7146  Begin context handling
2023-08-08 23:17:02.7146 (Program.cs:47) Delta time 185
2023-08-08 23:17:02.7146  End context handling
2023-08-08 23:17:02.8439  Begin context handling
2023-08-08 23:17:02.8443 (Program.cs:47) Delta time 130
2023-08-08 23:17:02.8443  计时器回调 Continue末 线程:1
2023-08-08 23:17:02.8443  End context handling
2023-08-08 23:17:03.0000  Begin context handling
2023-08-08 23:17:03.0000  End context handling
2023-08-08 23:17:03.3515  Begin context handling
2023-08-08 23:17:03.3515  End context handling
2023-08-08 23:17:03.6011  Begin context handling
2023-08-08 23:17:03.6011  End context handling
